<?xml version="1.0" encoding="UTF-8"?>
<!-- Generated by org.testng.reporters.JUnitReportReporter -->
<testsuite hostname="DESKTOP-0NCVSHF" failures="0" tests="1" name="Testing.Paul.senforce_contact_us" time="4.322" errors="0" timestamp="2020-05-30T00:25:57 WAT" skipped="0">
  <testcase classname="Testing.Paul.senforce_contact_us" name="SenforceTest" time="4.322"/>
  <system-out/>
</testsuite> <!-- Testing.Paul.senforce_contact_us -->
