<?xml version="1.0" encoding="UTF-8"?>
<!-- Generated by org.testng.reporters.JUnitReportReporter -->
<testsuite hostname="DESKTOP-0NCVSHF" failures="0" tests="1" name="testing_senforce.senforce_contact_us" time="3.745" errors="0" timestamp="2020-05-30T13:44:47 WAT" skipped="0">
  <testcase classname="testing_senforce.senforce_contact_us" name="SenforceTest" time="3.745"/>
  <system-out/>
</testsuite> <!-- testing_senforce.senforce_contact_us -->
