<?xml version="1.0" encoding="UTF-8"?>
<!-- Generated by org.testng.reporters.JUnitReportReporter -->
<testsuite hostname="DESKTOP-0NCVSHF" failures="0" tests="1" name="testing_senforce.senforce_package" time="9.616" errors="0" timestamp="2020-05-30T13:43:59 WAT" skipped="0">
  <testcase classname="testing_senforce.senforce_package" name="SenforcePackage" time="9.616"/>
  <system-out/>
</testsuite> <!-- testing_senforce.senforce_package -->
