<?xml version="1.0" encoding="UTF-8"?>
<!-- Generated by org.testng.reporters.JUnitReportReporter -->
<testsuite hostname="DESKTOP-0NCVSHF" failures="0" tests="1" name="testing_senforce.senforce_about_us" time="0.295" errors="0" timestamp="2020-05-30T14:43:22 WAT" skipped="0">
  <testcase classname="testing_senforce.senforce_about_us" name="SenforceAboutUs" time="0.295"/>
  <system-out/>
</testsuite> <!-- testing_senforce.senforce_about_us -->
